{"message":"Server up and running","level":"info"}
{"message":"Server up and running","level":"info"}
{"message":"Server up and running","level":"info"}
{"message":"a user connected","level":"info"}
{"message":"a user connected","level":"info"}
{"message":"a user connected","level":"info"}
{"message":"a user connected","level":"info"}
{"message":"Server up and running","level":"info"}
{"message":"a user connected","level":"info"}
{"message":"a user connected","level":"info"}
{"message":"a user connected","level":"info"}
{"message":"Server up and running","level":"info"}
{"message":"a user connected","level":"info"}
{"message":"a user connected","level":"info"}
{"message":"a user connected","level":"info"}
{"message":"a user connected","level":"info"}
{"message":"message: test","level":"info"}
{"message":"Server up and running","level":"info"}
{"message":"a user connected","level":"info"}
{"message":"a user connected","level":"info"}
{"message":"a user connected","level":"info"}
{"message":"a user connected","level":"info"}
{"message":"msg: test","level":"info"}
{"message":"Server up and running","level":"info"}
{"message":"a user connected","level":"info"}
{"message":"Server up and running","level":"info"}
{"message":"a user connected","level":"info"}
{"message":"a user connected","level":"info"}
{"message":"Server up and running","level":"info"}
{"message":"a user connected","level":"info"}
{"message":"a user connected","level":"info"}
{"message":"Server up and running","level":"info"}
{"message":"a user connected","level":"info"}
{"message":"a user connected","level":"info"}
{"message":"Server up and running","level":"info"}
{"message":"a user connected","level":"info"}
{"message":"a user connected","level":"info"}
{"message":"Server up and running","level":"info"}
{"message":"a user connected","level":"info"}
{"message":"a user connected","level":"info"}
{"message":"Server up and running","level":"info"}
{"message":"a user connected","level":"info"}
{"message":"a user connected","level":"info"}
{"message":"Server up and running","level":"info"}
{"message":"a user connected","level":"info"}
{"message":"a user connected","level":"info"}
{"message":"Server up and running","level":"info"}
{"message":"midi: connected","level":"info"}
{"message":"a user connected","level":"info"}
{"message":"a user connected","level":"info"}
{"message":"Server up and running","level":"info"}
{"message":"Device midi: connected","level":"info"}
{"message":"a user connected","level":"info"}
{"message":"a user connected","level":"info"}
{"message":"a user connected","level":"info"}
{"message":"Server up and running","level":"info"}
{"message":"Device midi: connected","level":"info"}
{"message":"a user connected","level":"info"}
{"message":"Server up and running","level":"info"}
{"message":"Device midi: connected","level":"info"}
{"message":"a user connected","level":"info"}
{"message":"Server up and running","level":"info"}
{"message":"Device midi: connected","level":"info"}
{"message":"a user connected","level":"info"}
{"message":"Server up and running","level":"info"}
{"message":"Device midi: connected","level":"info"}
{"message":"a user connected","level":"info"}
{"message":"a user connected","level":"info"}
{"message":"msg: test","level":"info"}
{"message":"Server up and running","level":"info"}
{"message":"Device midi: connected","level":"info"}
{"message":"a user connected","level":"info"}
{"message":"Server up and running","level":"info"}
{"message":"Device midi: connected","level":"info"}
{"message":"a user connected","level":"info"}
{"message":"Server up and running","level":"info"}
{"message":"Device midi: connected","level":"info"}
{"message":"a user connected","level":"info"}
{"message":"a user connected","level":"info"}
{"message":"a user connected","level":"info"}
{"message":"a user connected","level":"info"}
{"message":"Server up and running","level":"info"}
{"message":"Device midi: connected","level":"info"}
{"message":"a user connected","level":"info"}
{"message":"Server up and running","level":"info"}
{"message":"Device midi: connected","level":"info"}
{"message":"a user connected","level":"info"}
{"message":"Server up and running","level":"info"}
{"message":"Device midi: connected","level":"info"}
{"message":"a user connected","level":"info"}
{"message":"Device midi: connected","level":"info"}
{"message":"a user connected","level":"info"}
{"message":"Server up and running","level":"info"}
{"message":"No midi input, swallowing","level":"info"}
{"message":"Device midi: not connected","level":"info"}
{"message":"a user connected","level":"info"}
{"message":"No midi input, swallowing","level":"info"}
{"message":"Device midi: not connected","level":"info"}
{"message":"a user connected","level":"info"}
{"message":"Server up and running","level":"info"}
{"message":"No midi input, swallowing","level":"info"}
{"message":"Device midi: not connected","level":"info"}
{"message":"a user connected","level":"info"}
{"message":"No midi input, swallowing","level":"info"}
{"message":"Device midi: not connected","level":"info"}
{"message":"No midi input, swallowing","level":"info"}
{"message":"Device midi: not connected","level":"info"}
{"message":"No midi input, swallowing","level":"info"}
{"message":"Device midi: not connected","level":"info"}
{"message":"Server up and running","level":"info"}
{"message":"Device midi: connected","level":"info"}
{"message":"a user connected","level":"info"}
{"message":"Device midi: connected","level":"info"}
{"message":"Server up and running","level":"info"}
{"message":"No midi input, swallowing","level":"info"}
{"message":"Device midi: not connected","level":"info"}
{"message":"a user connected","level":"info"}
{"message":"Device midi: connected","level":"info"}
{"message":"a user connected","level":"info"}
{"message":"No midi input, swallowing","level":"info"}
{"message":"Device midi: not connected","level":"info"}
{"message":"a user connected","level":"info"}
{"message":"Server up and running","level":"info"}
{"message":"No midi input, swallowing","level":"info"}
{"message":"Device midi: not connected","level":"info"}
{"message":"a user connected","level":"info"}
{"message":"Device midi: connected","level":"info"}
{"message":"Server up and running","level":"info"}
{"message":"Device midi: connected","level":"info"}
{"message":"Server up and running","level":"info"}
{"message":"Device midi: connected","level":"info"}
{"message":"Server up and running","level":"info"}
{"message":"Device midi: connected","level":"info"}
{"message":"Server up and running","level":"info"}
{"message":"Device midi: connected","level":"info"}
